::1 - - [13/Jan/2022:09:31:25 +0000] "GET / HTTP/1.1" 304 - "-" "Mozilla/5.0 (Windows NT 10.0; Win64; x64) AppleWebKit/537.36 (KHTML, like Gecko) Chrome/97.0.4692.71 Safari/537.36"
::1 - - [13/Jan/2022:09:31:25 +0000] "GET /stylesheets/style.css HTTP/1.1" 304 - "http://localhost:3000/" "Mozilla/5.0 (Windows NT 10.0; Win64; x64) AppleWebKit/537.36 (KHTML, like Gecko) Chrome/97.0.4692.71 Safari/537.36"
::1 - - [13/Jan/2022:09:31:25 +0000] "GET /javascripts/funcs.js HTTP/1.1" 304 - "http://localhost:3000/" "Mozilla/5.0 (Windows NT 10.0; Win64; x64) AppleWebKit/537.36 (KHTML, like Gecko) Chrome/97.0.4692.71 Safari/537.36"
::1 - - [13/Jan/2022:09:31:42 +0000] "POST /api/register HTTP/1.1" 200 5 "http://localhost:3000/" "Mozilla/5.0 (Windows NT 10.0; Win64; x64) AppleWebKit/537.36 (KHTML, like Gecko) Chrome/97.0.4692.71 Safari/537.36"
::1 - - [13/Jan/2022:09:31:47 +0000] "POST /api/register HTTP/1.1" 200 4 "http://localhost:3000/" "Mozilla/5.0 (Windows NT 10.0; Win64; x64) AppleWebKit/537.36 (KHTML, like Gecko) Chrome/97.0.4692.71 Safari/537.36"
::1 - - [13/Jan/2022:09:31:47 +0000] "GET /register? HTTP/1.1" 304 - "http://localhost:3000/" "Mozilla/5.0 (Windows NT 10.0; Win64; x64) AppleWebKit/537.36 (KHTML, like Gecko) Chrome/97.0.4692.71 Safari/537.36"
::1 - - [13/Jan/2022:09:31:47 +0000] "GET /stylesheets/style.css HTTP/1.1" 304 - "http://localhost:3000/register?" "Mozilla/5.0 (Windows NT 10.0; Win64; x64) AppleWebKit/537.36 (KHTML, like Gecko) Chrome/97.0.4692.71 Safari/537.36"
::1 - - [13/Jan/2022:09:31:47 +0000] "GET /javascripts/funcs.js HTTP/1.1" 304 - "http://localhost:3000/register?" "Mozilla/5.0 (Windows NT 10.0; Win64; x64) AppleWebKit/537.36 (KHTML, like Gecko) Chrome/97.0.4692.71 Safari/537.36"
::1 - - [13/Jan/2022:09:31:54 +0000] "GET /stylesheets/style.css HTTP/1.1" 304 - "http://localhost:3000/register?" "Mozilla/5.0 (Windows NT 10.0; Win64; x64) AppleWebKit/537.36 (KHTML, like Gecko) Chrome/97.0.4692.71 Safari/537.36"
::1 - - [13/Jan/2022:09:32:10 +0000] "GET / HTTP/1.1" 304 - "-" "Mozilla/5.0 (Windows NT 10.0; Win64; x64) AppleWebKit/537.36 (KHTML, like Gecko) Chrome/97.0.4692.71 Safari/537.36"
::1 - - [13/Jan/2022:09:32:10 +0000] "GET /stylesheets/style.css HTTP/1.1" 304 - "http://localhost:3000/" "Mozilla/5.0 (Windows NT 10.0; Win64; x64) AppleWebKit/537.36 (KHTML, like Gecko) Chrome/97.0.4692.71 Safari/537.36"
::1 - - [13/Jan/2022:09:32:10 +0000] "GET /javascripts/funcs.js HTTP/1.1" 304 - "http://localhost:3000/" "Mozilla/5.0 (Windows NT 10.0; Win64; x64) AppleWebKit/537.36 (KHTML, like Gecko) Chrome/97.0.4692.71 Safari/537.36"
::1 - - [13/Jan/2022:09:32:31 +0000] "GET /stylesheets/style.css HTTP/1.1" 304 - "http://localhost:3000/" "Mozilla/5.0 (Windows NT 10.0; Win64; x64) AppleWebKit/537.36 (KHTML, like Gecko) Chrome/97.0.4692.71 Safari/537.36"
::1 - - [13/Jan/2022:09:32:50 +0000] "POST /api/register HTTP/1.1" 200 5 "http://localhost:3000/" "Mozilla/5.0 (Linux; Android 6.0; Nexus 5 Build/MRA58N) AppleWebKit/537.36 (KHTML, like Gecko) Chrome/97.0.4692.71 Mobile Safari/537.36"
::1 - - [13/Jan/2022:10:05:14 +0000] "GET / HTTP/1.1" 200 2832 "-" "Mozilla/5.0 (Windows NT 10.0; Win64; x64) AppleWebKit/537.36 (KHTML, like Gecko) Chrome/97.0.4692.71 Safari/537.36"
::1 - - [13/Jan/2022:10:05:14 +0000] "GET /stylesheets/style.css HTTP/1.1" 304 - "http://localhost:3000/" "Mozilla/5.0 (Windows NT 10.0; Win64; x64) AppleWebKit/537.36 (KHTML, like Gecko) Chrome/97.0.4692.71 Safari/537.36"
::1 - - [13/Jan/2022:10:05:14 +0000] "GET /javascripts/funcs.js HTTP/1.1" 200 4117 "http://localhost:3000/" "Mozilla/5.0 (Windows NT 10.0; Win64; x64) AppleWebKit/537.36 (KHTML, like Gecko) Chrome/97.0.4692.71 Safari/537.36"
::1 - - [13/Jan/2022:10:05:24 +0000] "POST /api/register HTTP/1.1" 200 5 "http://localhost:3000/" "Mozilla/5.0 (Windows NT 10.0; Win64; x64) AppleWebKit/537.36 (KHTML, like Gecko) Chrome/97.0.4692.71 Safari/537.36"
::1 - - [13/Jan/2022:10:05:29 +0000] "GET /stylesheets/style.css HTTP/1.1" 304 - "http://localhost:3000/" "Mozilla/5.0 (Windows NT 10.0; Win64; x64) AppleWebKit/537.36 (KHTML, like Gecko) Chrome/97.0.4692.71 Safari/537.36"
::1 - - [13/Jan/2022:10:05:51 +0000] "POST /api/register HTTP/1.1" 200 4 "http://localhost:3000/" "Mozilla/5.0 (Linux; Android 6.0; Nexus 5 Build/MRA58N) AppleWebKit/537.36 (KHTML, like Gecko) Chrome/97.0.4692.71 Mobile Safari/537.36"
::1 - - [13/Jan/2022:10:05:51 +0000] "GET /register? HTTP/1.1" 200 1687 "http://localhost:3000/" "Mozilla/5.0 (Linux; Android 6.0; Nexus 5 Build/MRA58N) AppleWebKit/537.36 (KHTML, like Gecko) Chrome/97.0.4692.71 Mobile Safari/537.36"
::1 - - [13/Jan/2022:10:05:51 +0000] "GET /stylesheets/style.css HTTP/1.1" 304 - "http://localhost:3000/register?" "Mozilla/5.0 (Linux; Android 6.0; Nexus 5 Build/MRA58N) AppleWebKit/537.36 (KHTML, like Gecko) Chrome/97.0.4692.71 Mobile Safari/537.36"
::1 - - [13/Jan/2022:10:05:51 +0000] "GET /javascripts/funcs.js HTTP/1.1" 304 - "http://localhost:3000/register?" "Mozilla/5.0 (Linux; Android 6.0; Nexus 5 Build/MRA58N) AppleWebKit/537.36 (KHTML, like Gecko) Chrome/97.0.4692.71 Mobile Safari/537.36"
::1 - - [13/Jan/2022:10:06:19 +0000] "GET /register? HTTP/1.1" 304 - "http://localhost:3000/register?" "Mozilla/5.0 (Linux; Android 6.0; Nexus 5 Build/MRA58N) AppleWebKit/537.36 (KHTML, like Gecko) Chrome/97.0.4692.71 Mobile Safari/537.36"
::1 - - [13/Jan/2022:10:06:19 +0000] "GET /stylesheets/style.css HTTP/1.1" 304 - "http://localhost:3000/register?" "Mozilla/5.0 (Linux; Android 6.0; Nexus 5 Build/MRA58N) AppleWebKit/537.36 (KHTML, like Gecko) Chrome/97.0.4692.71 Mobile Safari/537.36"
::1 - - [13/Jan/2022:10:06:19 +0000] "GET /javascripts/funcs.js HTTP/1.1" 304 - "http://localhost:3000/register?" "Mozilla/5.0 (Linux; Android 6.0; Nexus 5 Build/MRA58N) AppleWebKit/537.36 (KHTML, like Gecko) Chrome/97.0.4692.71 Mobile Safari/537.36"
::1 - - [13/Jan/2022:12:26:43 +0000] "GET / HTTP/1.1" 302 56 "-" "Mozilla/5.0 (Windows NT 10.0; Win64; x64) AppleWebKit/537.36 (KHTML, like Gecko) Chrome/97.0.4692.71 Safari/537.36"
::1 - - [13/Jan/2022:12:26:43 +0000] "GET /login HTTP/1.1" 200 1626 "-" "Mozilla/5.0 (Windows NT 10.0; Win64; x64) AppleWebKit/537.36 (KHTML, like Gecko) Chrome/97.0.4692.71 Safari/537.36"
::1 - - [13/Jan/2022:12:26:43 +0000] "GET /stylesheets/style.css HTTP/1.1" 200 119 "http://localhost:3000/login" "Mozilla/5.0 (Windows NT 10.0; Win64; x64) AppleWebKit/537.36 (KHTML, like Gecko) Chrome/97.0.4692.71 Safari/537.36"
::1 - - [13/Jan/2022:12:26:43 +0000] "GET /javascripts/funcs.js HTTP/1.1" 200 4037 "http://localhost:3000/login" "Mozilla/5.0 (Windows NT 10.0; Win64; x64) AppleWebKit/537.36 (KHTML, like Gecko) Chrome/97.0.4692.71 Safari/537.36"
::1 - - [13/Jan/2022:12:26:51 +0000] "GET /register HTTP/1.1" 500 2371 "http://localhost:3000/login" "Mozilla/5.0 (Windows NT 10.0; Win64; x64) AppleWebKit/537.36 (KHTML, like Gecko) Chrome/97.0.4692.71 Safari/537.36"
::1 - - [13/Jan/2022:12:28:16 +0000] "GET / HTTP/1.1" 302 56 "-" "Mozilla/5.0 (Windows NT 10.0; Win64; x64) AppleWebKit/537.36 (KHTML, like Gecko) Chrome/97.0.4692.71 Safari/537.36"
::1 - - [13/Jan/2022:12:28:16 +0000] "GET /login HTTP/1.1" 304 - "-" "Mozilla/5.0 (Windows NT 10.0; Win64; x64) AppleWebKit/537.36 (KHTML, like Gecko) Chrome/97.0.4692.71 Safari/537.36"
::1 - - [13/Jan/2022:12:28:16 +0000] "GET /stylesheets/style.css HTTP/1.1" 304 - "http://localhost:3000/login" "Mozilla/5.0 (Windows NT 10.0; Win64; x64) AppleWebKit/537.36 (KHTML, like Gecko) Chrome/97.0.4692.71 Safari/537.36"
::1 - - [13/Jan/2022:12:28:16 +0000] "GET /javascripts/funcs.js HTTP/1.1" 304 - "http://localhost:3000/login" "Mozilla/5.0 (Windows NT 10.0; Win64; x64) AppleWebKit/537.36 (KHTML, like Gecko) Chrome/97.0.4692.71 Safari/537.36"
::1 - - [13/Jan/2022:12:28:18 +0000] "GET /register HTTP/1.1" 500 2371 "http://localhost:3000/login" "Mozilla/5.0 (Windows NT 10.0; Win64; x64) AppleWebKit/537.36 (KHTML, like Gecko) Chrome/97.0.4692.71 Safari/537.36"
::1 - - [13/Jan/2022:12:29:04 +0000] "GET / HTTP/1.1" 302 56 "-" "Mozilla/5.0 (Windows NT 10.0; Win64; x64) AppleWebKit/537.36 (KHTML, like Gecko) Chrome/97.0.4692.71 Safari/537.36"
::1 - - [13/Jan/2022:12:29:04 +0000] "GET /login HTTP/1.1" 304 - "-" "Mozilla/5.0 (Windows NT 10.0; Win64; x64) AppleWebKit/537.36 (KHTML, like Gecko) Chrome/97.0.4692.71 Safari/537.36"
::1 - - [13/Jan/2022:12:29:04 +0000] "GET /stylesheets/style.css HTTP/1.1" 304 - "http://localhost:3000/login" "Mozilla/5.0 (Windows NT 10.0; Win64; x64) AppleWebKit/537.36 (KHTML, like Gecko) Chrome/97.0.4692.71 Safari/537.36"
::1 - - [13/Jan/2022:12:29:04 +0000] "GET /javascripts/funcs.js HTTP/1.1" 304 - "http://localhost:3000/login" "Mozilla/5.0 (Windows NT 10.0; Win64; x64) AppleWebKit/537.36 (KHTML, like Gecko) Chrome/97.0.4692.71 Safari/537.36"
::1 - - [13/Jan/2022:12:29:06 +0000] "GET /register HTTP/1.1" 200 1823 "http://localhost:3000/login" "Mozilla/5.0 (Windows NT 10.0; Win64; x64) AppleWebKit/537.36 (KHTML, like Gecko) Chrome/97.0.4692.71 Safari/537.36"
::1 - - [13/Jan/2022:12:29:06 +0000] "GET /stylesheets/style.css HTTP/1.1" 304 - "http://localhost:3000/register" "Mozilla/5.0 (Windows NT 10.0; Win64; x64) AppleWebKit/537.36 (KHTML, like Gecko) Chrome/97.0.4692.71 Safari/537.36"
::1 - - [13/Jan/2022:12:29:06 +0000] "GET /javascripts/funcs.js HTTP/1.1" 304 - "http://localhost:3000/register" "Mozilla/5.0 (Windows NT 10.0; Win64; x64) AppleWebKit/537.36 (KHTML, like Gecko) Chrome/97.0.4692.71 Safari/537.36"
::1 - - [13/Jan/2022:12:29:29 +0000] "POST /api/register HTTP/1.1" 200 5 "http://localhost:3000/register" "Mozilla/5.0 (Windows NT 10.0; Win64; x64) AppleWebKit/537.36 (KHTML, like Gecko) Chrome/97.0.4692.71 Safari/537.36"
::1 - - [13/Jan/2022:12:29:34 +0000] "POST /api/register HTTP/1.1" 200 4 "http://localhost:3000/register" "Mozilla/5.0 (Windows NT 10.0; Win64; x64) AppleWebKit/537.36 (KHTML, like Gecko) Chrome/97.0.4692.71 Safari/537.36"
::1 - - [13/Jan/2022:12:29:34 +0000] "GET /password? HTTP/1.1" 200 1687 "http://localhost:3000/register" "Mozilla/5.0 (Windows NT 10.0; Win64; x64) AppleWebKit/537.36 (KHTML, like Gecko) Chrome/97.0.4692.71 Safari/537.36"
::1 - - [13/Jan/2022:12:29:34 +0000] "GET /stylesheets/style.css HTTP/1.1" 304 - "http://localhost:3000/password?" "Mozilla/5.0 (Windows NT 10.0; Win64; x64) AppleWebKit/537.36 (KHTML, like Gecko) Chrome/97.0.4692.71 Safari/537.36"
::1 - - [13/Jan/2022:12:29:34 +0000] "GET /javascripts/funcs.js HTTP/1.1" 304 - "http://localhost:3000/password?" "Mozilla/5.0 (Windows NT 10.0; Win64; x64) AppleWebKit/537.36 (KHTML, like Gecko) Chrome/97.0.4692.71 Safari/537.36"
::1 - - [13/Jan/2022:12:30:39 +0000] "GET / HTTP/1.1" 302 56 "-" "Mozilla/5.0 (Windows NT 10.0; Win64; x64) AppleWebKit/537.36 (KHTML, like Gecko) Chrome/97.0.4692.71 Safari/537.36"
::1 - - [13/Jan/2022:12:30:39 +0000] "GET /login HTTP/1.1" 304 - "-" "Mozilla/5.0 (Windows NT 10.0; Win64; x64) AppleWebKit/537.36 (KHTML, like Gecko) Chrome/97.0.4692.71 Safari/537.36"
::1 - - [13/Jan/2022:12:30:39 +0000] "GET /stylesheets/style.css HTTP/1.1" 304 - "http://localhost:3000/login" "Mozilla/5.0 (Windows NT 10.0; Win64; x64) AppleWebKit/537.36 (KHTML, like Gecko) Chrome/97.0.4692.71 Safari/537.36"
::1 - - [13/Jan/2022:12:30:39 +0000] "GET /javascripts/funcs.js HTTP/1.1" 304 - "http://localhost:3000/login" "Mozilla/5.0 (Windows NT 10.0; Win64; x64) AppleWebKit/537.36 (KHTML, like Gecko) Chrome/97.0.4692.71 Safari/537.36"
::1 - - [13/Jan/2022:12:30:41 +0000] "GET /register HTTP/1.1" 304 - "http://localhost:3000/login" "Mozilla/5.0 (Windows NT 10.0; Win64; x64) AppleWebKit/537.36 (KHTML, like Gecko) Chrome/97.0.4692.71 Safari/537.36"
::1 - - [13/Jan/2022:12:30:41 +0000] "GET /stylesheets/style.css HTTP/1.1" 304 - "http://localhost:3000/register" "Mozilla/5.0 (Windows NT 10.0; Win64; x64) AppleWebKit/537.36 (KHTML, like Gecko) Chrome/97.0.4692.71 Safari/537.36"
::1 - - [13/Jan/2022:12:30:41 +0000] "GET /javascripts/funcs.js HTTP/1.1" 304 - "http://localhost:3000/register" "Mozilla/5.0 (Windows NT 10.0; Win64; x64) AppleWebKit/537.36 (KHTML, like Gecko) Chrome/97.0.4692.71 Safari/537.36"
::1 - - [13/Jan/2022:12:35:07 +0000] "GET / HTTP/1.1" 302 56 "-" "Mozilla/5.0 (Windows NT 10.0; Win64; x64) AppleWebKit/537.36 (KHTML, like Gecko) Chrome/97.0.4692.71 Safari/537.36"
::1 - - [13/Jan/2022:12:35:07 +0000] "GET /login HTTP/1.1" 304 - "-" "Mozilla/5.0 (Windows NT 10.0; Win64; x64) AppleWebKit/537.36 (KHTML, like Gecko) Chrome/97.0.4692.71 Safari/537.36"
::1 - - [13/Jan/2022:12:35:07 +0000] "GET /stylesheets/style.css HTTP/1.1" 304 - "http://localhost:3000/login" "Mozilla/5.0 (Windows NT 10.0; Win64; x64) AppleWebKit/537.36 (KHTML, like Gecko) Chrome/97.0.4692.71 Safari/537.36"
::1 - - [13/Jan/2022:12:35:07 +0000] "GET /javascripts/funcs.js HTTP/1.1" 304 - "http://localhost:3000/login" "Mozilla/5.0 (Windows NT 10.0; Win64; x64) AppleWebKit/537.36 (KHTML, like Gecko) Chrome/97.0.4692.71 Safari/537.36"
::1 - - [13/Jan/2022:12:35:10 +0000] "GET /register HTTP/1.1" 304 - "http://localhost:3000/login" "Mozilla/5.0 (Windows NT 10.0; Win64; x64) AppleWebKit/537.36 (KHTML, like Gecko) Chrome/97.0.4692.71 Safari/537.36"
::1 - - [13/Jan/2022:12:35:10 +0000] "GET /stylesheets/style.css HTTP/1.1" 304 - "http://localhost:3000/register" "Mozilla/5.0 (Windows NT 10.0; Win64; x64) AppleWebKit/537.36 (KHTML, like Gecko) Chrome/97.0.4692.71 Safari/537.36"
::1 - - [13/Jan/2022:12:35:10 +0000] "GET /javascripts/funcs.js HTTP/1.1" 304 - "http://localhost:3000/register" "Mozilla/5.0 (Windows NT 10.0; Win64; x64) AppleWebKit/537.36 (KHTML, like Gecko) Chrome/97.0.4692.71 Safari/537.36"
::1 - - [13/Jan/2022:12:35:23 +0000] "POST /api/register HTTP/1.1" 200 5 "http://localhost:3000/register" "Mozilla/5.0 (Windows NT 10.0; Win64; x64) AppleWebKit/537.36 (KHTML, like Gecko) Chrome/97.0.4692.71 Safari/537.36"
::1 - - [13/Jan/2022:12:37:48 +0000] "POST /api/register HTTP/1.1" 200 4 "http://localhost:3000/register" "Mozilla/5.0 (Windows NT 10.0; Win64; x64) AppleWebKit/537.36 (KHTML, like Gecko) Chrome/97.0.4692.71 Safari/537.36"
::1 - - [13/Jan/2022:12:37:48 +0000] "GET /password? HTTP/1.1" 304 - "http://localhost:3000/register" "Mozilla/5.0 (Windows NT 10.0; Win64; x64) AppleWebKit/537.36 (KHTML, like Gecko) Chrome/97.0.4692.71 Safari/537.36"
::1 - - [13/Jan/2022:12:37:48 +0000] "GET /stylesheets/style.css HTTP/1.1" 304 - "http://localhost:3000/password?" "Mozilla/5.0 (Windows NT 10.0; Win64; x64) AppleWebKit/537.36 (KHTML, like Gecko) Chrome/97.0.4692.71 Safari/537.36"
::1 - - [13/Jan/2022:12:37:48 +0000] "GET /javascripts/funcs.js HTTP/1.1" 304 - "http://localhost:3000/password?" "Mozilla/5.0 (Windows NT 10.0; Win64; x64) AppleWebKit/537.36 (KHTML, like Gecko) Chrome/97.0.4692.71 Safari/537.36"
